<?xml version="1.0" encoding="UTF-8"?>
<!-- Generated by org.testng.reporters.JUnitReportReporter -->
<testsuite hostname="dt93" failures="0" tests="1" name="OnlineShopping.SearchAppleIPhone7Silver" time="40.321" errors="0" timestamp="2021-04-28T13:09:16 IST" skipped="0">
  <testcase classname="OnlineShopping.SearchAppleIPhone7Silver" name="searchIphone7Silver" time="40.321"/>
  <system-out/>
</testsuite> <!-- OnlineShopping.SearchAppleIPhone7Silver -->
