<?xml version="1.0" encoding="UTF-8"?>
<!-- Generated by org.testng.reporters.JUnitReportReporter -->
<testsuite hostname="dt93" failures="0" tests="1" name="OnlineShopping.AppleIphone6sSearch" time="37.304" errors="0" timestamp="2021-04-28T13:08:10 IST" skipped="0">
  <testcase classname="OnlineShopping.AppleIphone6sSearch" name="searchIphone6" time="37.304"/>
  <system-out/>
</testsuite> <!-- OnlineShopping.AppleIphone6sSearch -->
