<?xml version="1.0" encoding="UTF-8"?>
<!-- Generated by org.testng.reporters.JUnitReportReporter -->
<testsuite hostname="dt93" failures="0" tests="1" name="OnlineShopping.SearchAppleIPhone7WithFilters" time="49.021" errors="0" timestamp="2021-04-28T13:10:20 IST" skipped="0">
  <testcase classname="OnlineShopping.SearchAppleIPhone7WithFilters" name="searchIphone7Silver" time="49.021"/>
  <system-out/>
</testsuite> <!-- OnlineShopping.SearchAppleIPhone7WithFilters -->
